  [4;36;1mSQL (18.9ms)[0m   [0;1mSET NAMES 'utf8'[0m
  [4;35;1mSQL (17.6ms)[0m   [0mSET SQL_AUTO_IS_NULL=0[0m
  [4;36;1mSQL (20.1ms)[0m   [0;1mSHOW TABLES[0m
  [4;35;1mSQL (974.2ms)[0m   [0mCREATE TABLE `schema_migrations` (`version` varchar(255) NOT NULL) ENGINE=InnoDB[0m
  [4;36;1mSQL (617.9ms)[0m   [0;1mCREATE UNIQUE INDEX `unique_schema_migrations` ON `schema_migrations` (`version`)[0m
  [4;35;1mSQL (14.3ms)[0m   [0mSHOW TABLES[0m
  [4;36;1mSQL (0.9ms)[0m   [0;1mSHOW TABLES[0m
  [4;35;1mSQL (17.3ms)[0m   [0mSELECT version FROM schema_migrations[0m
  [4;36;1mSQL (27.8ms)[0m   [0;1mSHOW TABLES[0m
  [4;36;1mSQL (74.0ms)[0m   [0;1mSET NAMES 'utf8'[0m
  [4;35;1mSQL (4.4ms)[0m   [0mSET SQL_AUTO_IS_NULL=0[0m


Processing ApplicationController#index (for 127.0.0.1 at 2010-06-14 15:03:00) [GET]

ActionController::RoutingError (No route matches "/main" with {:method=>:get}):
  

Rendering rescues/layout (not_found)
  [4;36;1mSQL (0.2ms)[0m   [0;1mSET NAMES 'utf8'[0m
  [4;35;1mSQL (0.4ms)[0m   [0mSET SQL_AUTO_IS_NULL=0[0m


Processing ApplicationController#index (for 127.0.0.1 at 2010-06-14 15:12:06) [GET]

ActionController::RoutingError (No route matches "/main" with {:method=>:get}):
  

Rendering rescues/layout (not_found)
  [4;36;1mSQL (0.3ms)[0m   [0;1mSET NAMES 'utf8'[0m
  [4;35;1mSQL (0.2ms)[0m   [0mSET SQL_AUTO_IS_NULL=0[0m


Processing ApplicationController#index (for 127.0.0.1 at 2010-06-14 15:12:08) [GET]

ActionController::RoutingError (No route matches "/main" with {:method=>:get}):
  

Rendering rescues/layout (not_found)
  [4;36;1mSQL (0.1ms)[0m   [0;1mSET NAMES 'utf8'[0m
  [4;35;1mSQL (0.3ms)[0m   [0mSET SQL_AUTO_IS_NULL=0[0m


Processing MainController#index (for 127.0.0.1 at 2010-06-14 15:12:22) [GET]
Rendering template within layouts/main
Rendering main/index
Completed in 17ms (View: 14, DB: 0) | 200 OK [http://localhost/main]
  [4;36;1mSQL (0.2ms)[0m   [0;1mSET NAMES 'utf8'[0m
  [4;35;1mSQL (0.2ms)[0m   [0mSET SQL_AUTO_IS_NULL=0[0m


Processing MainController#index (for 127.0.0.1 at 2010-06-14 15:12:23) [GET]
Rendering template within layouts/main
Rendering main/index
Completed in 25ms (View: 18, DB: 0) | 200 OK [http://localhost/main]
  [4;36;1mSQL (0.2ms)[0m   [0;1mSET NAMES 'utf8'[0m
  [4;35;1mSQL (0.2ms)[0m   [0mSET SQL_AUTO_IS_NULL=0[0m


Processing MainController#index (for 127.0.0.1 at 2010-06-14 15:35:01) [GET]
Rendering template within layouts/main
Rendering main/index
Completed in 23ms (View: 17, DB: 0) | 200 OK [http://localhost/main]
  [4;36;1mSQL (0.2ms)[0m   [0;1mSET NAMES 'utf8'[0m
  [4;35;1mSQL (0.2ms)[0m   [0mSET SQL_AUTO_IS_NULL=0[0m


Processing MainController#index (for 127.0.0.1 at 2010-06-14 16:04:50) [GET]
Rendering template within layouts/main
Rendering main/index
Completed in 40ms (View: 34, DB: 0) | 200 OK [http://localhost/main]
  [4;36;1mSQL (0.2ms)[0m   [0;1mSET NAMES 'utf8'[0m
  [4;35;1mSQL (0.2ms)[0m   [0mSET SQL_AUTO_IS_NULL=0[0m


Processing MainController#index (for 127.0.0.1 at 2010-06-14 16:10:52) [GET]
Rendering template within layouts/main
Rendering main/index
Completed in 10ms (View: 4, DB: 0) | 200 OK [http://localhost/main]
  [4;36;1mSQL (0.2ms)[0m   [0;1mSET NAMES 'utf8'[0m
  [4;35;1mSQL (0.2ms)[0m   [0mSET SQL_AUTO_IS_NULL=0[0m


Processing MainController#index (for 127.0.0.1 at 2010-06-14 16:16:33) [GET]
Rendering template within layouts/main
Rendering main/index
Completed in 4ms (View: 1, DB: 0) | 200 OK [http://localhost/main]
  [4;36;1mSQL (0.3ms)[0m   [0;1mSET NAMES 'utf8'[0m
  [4;35;1mSQL (0.2ms)[0m   [0mSET SQL_AUTO_IS_NULL=0[0m


Processing MainController#index (for 127.0.0.1 at 2010-06-14 16:27:14) [GET]
Rendering template within layouts/main
Rendering main/index
Completed in 335ms (View: 329, DB: 0) | 200 OK [http://localhost/main]
  [4;36;1mSQL (0.2ms)[0m   [0;1mSET NAMES 'utf8'[0m
  [4;35;1mSQL (0.2ms)[0m   [0mSET SQL_AUTO_IS_NULL=0[0m


Processing MainController#index (for 127.0.0.1 at 2010-06-14 16:27:58) [GET]
Rendering template within layouts/main
Rendering main/index
Completed in 26ms (View: 19, DB: 0) | 200 OK [http://localhost/main]
  [4;36;1mSQL (0.2ms)[0m   [0;1mSET NAMES 'utf8'[0m
  [4;35;1mSQL (0.2ms)[0m   [0mSET SQL_AUTO_IS_NULL=0[0m


Processing MainController#index (for 127.0.0.1 at 2010-06-14 16:30:42) [GET]
Rendering template within layouts/main
Rendering main/index
Completed in 27ms (View: 20, DB: 0) | 200 OK [http://localhost/main]
  [4;36;1mSQL (0.2ms)[0m   [0;1mSET NAMES 'utf8'[0m
  [4;35;1mSQL (0.2ms)[0m   [0mSET SQL_AUTO_IS_NULL=0[0m


Processing MainController#index (for 127.0.0.1 at 2010-06-14 16:32:42) [GET]
Rendering template within layouts/main
Rendering main/index
Completed in 12ms (View: 5, DB: 0) | 200 OK [http://localhost/main]
  [4;36;1mSQL (0.1ms)[0m   [0;1mSET NAMES 'utf8'[0m
  [4;35;1mSQL (0.1ms)[0m   [0mSET SQL_AUTO_IS_NULL=0[0m


Processing MainController#index (for 127.0.0.1 at 2010-06-14 16:33:20) [GET]
Rendering template within layouts/main
Rendering main/index
Completed in 6ms (View: 2, DB: 0) | 200 OK [http://localhost/main]
  [4;36;1mSQL (0.2ms)[0m   [0;1mSET NAMES 'utf8'[0m
  [4;35;1mSQL (0.2ms)[0m   [0mSET SQL_AUTO_IS_NULL=0[0m


Processing MainController#index (for 127.0.0.1 at 2010-06-14 16:35:03) [GET]
Rendering template within layouts/main
Rendering main/index
Completed in 11ms (View: 5, DB: 0) | 200 OK [http://localhost/main]
  [4;36;1mSQL (0.1ms)[0m   [0;1mSET NAMES 'utf8'[0m
  [4;35;1mSQL (0.1ms)[0m   [0mSET SQL_AUTO_IS_NULL=0[0m


Processing MainController#index (for 127.0.0.1 at 2010-06-14 16:35:20) [GET]
Rendering template within layouts/main
Rendering main/index
Completed in 5ms (View: 2, DB: 0) | 200 OK [http://localhost/main]
  [4;36;1mSQL (0.2ms)[0m   [0;1mSET NAMES 'utf8'[0m
  [4;35;1mSQL (0.2ms)[0m   [0mSET SQL_AUTO_IS_NULL=0[0m


Processing MainController#index (for 127.0.0.1 at 2010-06-14 16:35:33) [GET]
Rendering template within layouts/main
Rendering main/index
Completed in 12ms (View: 5, DB: 0) | 200 OK [http://localhost/main]
  [4;36;1mSQL (0.1ms)[0m   [0;1mSET NAMES 'utf8'[0m
  [4;35;1mSQL (0.1ms)[0m   [0mSET SQL_AUTO_IS_NULL=0[0m


Processing MainController#index (for 127.0.0.1 at 2010-06-14 16:36:06) [GET]
Rendering template within layouts/main
Rendering main/index
Completed in 7ms (View: 3, DB: 0) | 200 OK [http://localhost/main]
  [4;36;1mSQL (0.1ms)[0m   [0;1mSET NAMES 'utf8'[0m
  [4;35;1mSQL (0.1ms)[0m   [0mSET SQL_AUTO_IS_NULL=0[0m


Processing MainController#index (for 127.0.0.1 at 2010-06-14 16:36:19) [GET]
Rendering template within layouts/main
Rendering main/index
Completed in 5ms (View: 2, DB: 0) | 200 OK [http://localhost/main]
  [4;36;1mSQL (0.2ms)[0m   [0;1mSET NAMES 'utf8'[0m
  [4;35;1mSQL (0.2ms)[0m   [0mSET SQL_AUTO_IS_NULL=0[0m


Processing MainController#index (for 127.0.0.1 at 2010-06-14 16:36:28) [GET]
Rendering template within layouts/main
Rendering main/index
Completed in 11ms (View: 4, DB: 0) | 200 OK [http://localhost/main]
  [4;36;1mSQL (0.2ms)[0m   [0;1mSET NAMES 'utf8'[0m
  [4;35;1mSQL (0.2ms)[0m   [0mSET SQL_AUTO_IS_NULL=0[0m


Processing MainController#index (for 127.0.0.1 at 2010-06-14 16:39:50) [GET]
Rendering template within layouts/main
Rendering main/index
Completed in 26ms (View: 19, DB: 0) | 200 OK [http://localhost/main]
  [4;36;1mSQL (0.2ms)[0m   [0;1mSET NAMES 'utf8'[0m
  [4;35;1mSQL (0.2ms)[0m   [0mSET SQL_AUTO_IS_NULL=0[0m


Processing MainController#index (for 127.0.0.1 at 2010-06-14 16:39:52) [GET]
Rendering template within layouts/main
Rendering main/index
Completed in 5ms (View: 2, DB: 0) | 200 OK [http://localhost/main]
  [4;36;1mSQL (15.2ms)[0m   [0;1mSET NAMES 'utf8'[0m
  [4;35;1mSQL (8.8ms)[0m   [0mSET SQL_AUTO_IS_NULL=0[0m


Processing MainController#index (for 127.0.0.1 at 2010-06-14 16:41:48) [GET]
Rendering template within layouts/main
Rendering main/index
Completed in 11ms (View: 5, DB: 24) | 200 OK [http://localhost/main]
  [4;36;1mSQL (0.2ms)[0m   [0;1mSET NAMES 'utf8'[0m
  [4;35;1mSQL (0.2ms)[0m   [0mSET SQL_AUTO_IS_NULL=0[0m


Processing MainController#index (for 127.0.0.1 at 2010-06-14 16:43:07) [GET]
Rendering template within layouts/main
Rendering main/index
Completed in 11ms (View: 4, DB: 0) | 200 OK [http://localhost/main]
  [4;36;1mSQL (22.2ms)[0m   [0;1mSET NAMES 'utf8'[0m
  [4;35;1mSQL (0.3ms)[0m   [0mSET SQL_AUTO_IS_NULL=0[0m


Processing MainController#index (for 127.0.0.1 at 2010-06-14 16:48:41) [GET]
Rendering template within layouts/main
Rendering main/index
Completed in 28ms (View: 21, DB: 22) | 200 OK [http://localhost/main]
  [4;36;1mSQL (0.4ms)[0m   [0;1mSET NAMES 'utf8'[0m
  [4;35;1mSQL (15.6ms)[0m   [0mSET SQL_AUTO_IS_NULL=0[0m


Processing MainController#index (for 127.0.0.1 at 2010-06-14 16:50:45) [GET]
Rendering template within layouts/main
Rendering main/index
Completed in 12ms (View: 6, DB: 16) | 200 OK [http://localhost/main]
  [4;36;1mSQL (0.2ms)[0m   [0;1mSET NAMES 'utf8'[0m
  [4;35;1mSQL (0.2ms)[0m   [0mSET SQL_AUTO_IS_NULL=0[0m


Processing MainController#index (for 127.0.0.1 at 2010-06-14 16:50:46) [GET]
Rendering template within layouts/main
Rendering main/index
Completed in 13ms (View: 5, DB: 0) | 200 OK [http://localhost/main]
  [4;36;1mSQL (0.1ms)[0m   [0;1mSET NAMES 'utf8'[0m
  [4;35;1mSQL (0.1ms)[0m   [0mSET SQL_AUTO_IS_NULL=0[0m


Processing MainController#index (for 127.0.0.1 at 2010-06-14 16:51:22) [GET]
Rendering template within layouts/main
Rendering main/index
Completed in 6ms (View: 3, DB: 0) | 200 OK [http://localhost/main]
  [4;36;1mSQL (0.2ms)[0m   [0;1mSET NAMES 'utf8'[0m
  [4;35;1mSQL (0.2ms)[0m   [0mSET SQL_AUTO_IS_NULL=0[0m


Processing MainController#index (for 127.0.0.1 at 2010-06-14 16:52:04) [GET]
Rendering template within layouts/main
Rendering main/index
Completed in 12ms (View: 5, DB: 0) | 200 OK [http://localhost/main]
  [4;36;1mSQL (62.5ms)[0m   [0;1mSET NAMES 'utf8'[0m
  [4;35;1mSQL (19.7ms)[0m   [0mSET SQL_AUTO_IS_NULL=0[0m


Processing MainController#index (for 127.0.0.1 at 2010-06-14 17:47:52) [GET]
Rendering template within layouts/main
Rendering main/index
Completed in 68ms (View: 53, DB: 82) | 200 OK [http://localhost/main]
  [4;36;1mSQL (0.2ms)[0m   [0;1mSET NAMES 'utf8'[0m
  [4;35;1mSQL (0.2ms)[0m   [0mSET SQL_AUTO_IS_NULL=0[0m


Processing MainController#index (for 127.0.0.1 at 2010-06-14 17:49:17) [GET]
Rendering template within layouts/main
Rendering main/index
Completed in 28ms (View: 22, DB: 0) | 200 OK [http://localhost/main]
  [4;36;1mSQL (0.2ms)[0m   [0;1mSET NAMES 'utf8'[0m
  [4;35;1mSQL (0.2ms)[0m   [0mSET SQL_AUTO_IS_NULL=0[0m


Processing MainController#index (for 127.0.0.1 at 2010-06-14 17:49:19) [GET]
Rendering template within layouts/main
Rendering main/index
Completed in 10ms (View: 4, DB: 0) | 200 OK [http://localhost/main]
  [4;36;1mSQL (0.1ms)[0m   [0;1mSET NAMES 'utf8'[0m
  [4;35;1mSQL (0.1ms)[0m   [0mSET SQL_AUTO_IS_NULL=0[0m


Processing MainController#index (for 127.0.0.1 at 2010-06-14 17:57:29) [GET]
Rendering template within layouts/main
Rendering main/index
Completed in 20ms (View: 3, DB: 0) | 200 OK [http://localhost/main]
  [4;36;1mSQL (0.1ms)[0m   [0;1mSET NAMES 'utf8'[0m
  [4;35;1mSQL (0.1ms)[0m   [0mSET SQL_AUTO_IS_NULL=0[0m


Processing MainController#index (for 127.0.0.1 at 2010-06-14 17:57:32) [GET]
Rendering template within layouts/main
Rendering main/index
Completed in 6ms (View: 2, DB: 0) | 200 OK [http://localhost/main]
  [4;36;1mSQL (0.1ms)[0m   [0;1mSET NAMES 'utf8'[0m
  [4;35;1mSQL (0.1ms)[0m   [0mSET SQL_AUTO_IS_NULL=0[0m


Processing MainController#index (for 127.0.0.1 at 2010-06-14 18:00:06) [GET]
Rendering template within layouts/main
Rendering main/index
Completed in 5ms (View: 3, DB: 0) | 200 OK [http://localhost/main]
  [4;36;1mSQL (1.6ms)[0m   [0;1mSET NAMES 'utf8'[0m
  [4;35;1mSQL (18.3ms)[0m   [0mSET SQL_AUTO_IS_NULL=0[0m


Processing MainController#index (for 127.0.0.1 at 2010-06-14 18:02:25) [GET]
Rendering template within layouts/main
Rendering main/index
Completed in 5ms (View: 2, DB: 20) | 200 OK [http://localhost/main]
  [4;36;1mSQL (0.2ms)[0m   [0;1mSET NAMES 'utf8'[0m
  [4;35;1mSQL (0.2ms)[0m   [0mSET SQL_AUTO_IS_NULL=0[0m


Processing MainController#index (for 127.0.0.1 at 2010-06-14 18:02:26) [GET]
Rendering template within layouts/main
Rendering main/index
Completed in 12ms (View: 5, DB: 0) | 200 OK [http://localhost/main]
  [4;36;1mSQL (0.3ms)[0m   [0;1mSET NAMES 'utf8'[0m
  [4;35;1mSQL (0.1ms)[0m   [0mSET SQL_AUTO_IS_NULL=0[0m


Processing MainController#index (for 127.0.0.1 at 2010-06-14 18:02:28) [GET]
Rendering template within layouts/main
Rendering main/index
Completed in 5ms (View: 2, DB: 0) | 200 OK [http://localhost/main]
  [4;36;1mSQL (0.1ms)[0m   [0;1mSET NAMES 'utf8'[0m
  [4;35;1mSQL (0.1ms)[0m   [0mSET SQL_AUTO_IS_NULL=0[0m


Processing MainController#index (for 127.0.0.1 at 2010-06-14 18:02:29) [GET]
Rendering template within layouts/main
Rendering main/index
Completed in 6ms (View: 3, DB: 0) | 200 OK [http://localhost/main]
  [4;36;1mSQL (0.2ms)[0m   [0;1mSET NAMES 'utf8'[0m
  [4;35;1mSQL (0.2ms)[0m   [0mSET SQL_AUTO_IS_NULL=0[0m


Processing MainController#index (for 127.0.0.1 at 2010-06-14 18:02:29) [GET]
Rendering template within layouts/main
Rendering main/index
Completed in 15ms (View: 9, DB: 0) | 200 OK [http://localhost/main]
  [4;36;1mSQL (0.1ms)[0m   [0;1mSET NAMES 'utf8'[0m
  [4;35;1mSQL (0.1ms)[0m   [0mSET SQL_AUTO_IS_NULL=0[0m


Processing MainController#index (for 127.0.0.1 at 2010-06-14 18:19:06) [GET]
Rendering template within layouts/main
Rendering main/index
Completed in 93ms (View: 90, DB: 0) | 200 OK [http://localhost/main]
  [4;36;1mSQL (0.1ms)[0m   [0;1mSET NAMES 'utf8'[0m
  [4;35;1mSQL (0.1ms)[0m   [0mSET SQL_AUTO_IS_NULL=0[0m


Processing MainController#index (for 127.0.0.1 at 2010-06-14 18:19:21) [GET]
Rendering template within layouts/main
Rendering main/index
Completed in 30ms (View: 27, DB: 0) | 200 OK [http://localhost/main]
  [4;36;1mSQL (0.1ms)[0m   [0;1mSET NAMES 'utf8'[0m
  [4;35;1mSQL (0.1ms)[0m   [0mSET SQL_AUTO_IS_NULL=0[0m


Processing MainController#index (for 127.0.0.1 at 2010-06-14 18:21:13) [GET]
Rendering template within layouts/main
Rendering main/index
Completed in 15ms (View: 11, DB: 0) | 200 OK [http://localhost/main]
  [4;36;1mSQL (0.2ms)[0m   [0;1mSET NAMES 'utf8'[0m
  [4;35;1mSQL (0.1ms)[0m   [0mSET SQL_AUTO_IS_NULL=0[0m


Processing MainController#index (for 127.0.0.1 at 2010-06-14 18:22:15) [GET]
Rendering template within layouts/main
Rendering main/index
Completed in 14ms (View: 11, DB: 0) | 200 OK [http://localhost/main]
  [4;36;1mSQL (0.1ms)[0m   [0;1mSET NAMES 'utf8'[0m
  [4;35;1mSQL (0.1ms)[0m   [0mSET SQL_AUTO_IS_NULL=0[0m


Processing MainController#index (for 127.0.0.1 at 2010-06-14 18:22:26) [GET]
Rendering template within layouts/main
Rendering main/index
Completed in 14ms (View: 11, DB: 0) | 200 OK [http://localhost/main]
  [4;36;1mSQL (0.2ms)[0m   [0;1mSET NAMES 'utf8'[0m
  [4;35;1mSQL (0.1ms)[0m   [0mSET SQL_AUTO_IS_NULL=0[0m


Processing MainController#index (for 127.0.0.1 at 2010-06-14 18:26:52) [GET]
Rendering template within layouts/main
Rendering main/index
Completed in 14ms (View: 11, DB: 0) | 200 OK [http://localhost/main]
  [4;36;1mSQL (0.1ms)[0m   [0;1mSET NAMES 'utf8'[0m
  [4;35;1mSQL (0.1ms)[0m   [0mSET SQL_AUTO_IS_NULL=0[0m


Processing MainController#index (for 127.0.0.1 at 2010-06-14 18:27:31) [GET]
Rendering template within layouts/main
Rendering main/index
Completed in 6ms (View: 3, DB: 0) | 200 OK [http://localhost/main]
  [4;36;1mSQL (0.2ms)[0m   [0;1mSET NAMES 'utf8'[0m
  [4;35;1mSQL (0.2ms)[0m   [0mSET SQL_AUTO_IS_NULL=0[0m


Processing MainController#index (for 127.0.0.1 at 2010-06-14 18:27:33) [GET]
Rendering template within layouts/main
Rendering main/index
Completed in 7ms (View: 4, DB: 0) | 200 OK [http://localhost/main]
  [4;36;1mSQL (0.1ms)[0m   [0;1mSET NAMES 'utf8'[0m
  [4;35;1mSQL (0.1ms)[0m   [0mSET SQL_AUTO_IS_NULL=0[0m


Processing MainController#index (for 127.0.0.1 at 2010-06-14 18:37:35) [GET]
Rendering template within layouts/main
Rendering main/index
Completed in 6ms (View: 3, DB: 0) | 200 OK [http://localhost/main]
  [4;36;1mSQL (0.1ms)[0m   [0;1mSET NAMES 'utf8'[0m
  [4;35;1mSQL (0.1ms)[0m   [0mSET SQL_AUTO_IS_NULL=0[0m


Processing MainController#index (for 127.0.0.1 at 2010-06-14 18:38:11) [GET]
Rendering template within layouts/main
Rendering main/index
Completed in 6ms (View: 3, DB: 0) | 200 OK [http://localhost/main]
  [4;36;1mSQL (0.1ms)[0m   [0;1mSET NAMES 'utf8'[0m
  [4;35;1mSQL (0.1ms)[0m   [0mSET SQL_AUTO_IS_NULL=0[0m


Processing MainController#index (for 127.0.0.1 at 2010-06-14 18:38:12) [GET]
Rendering template within layouts/main
Rendering main/index
Completed in 6ms (View: 3, DB: 0) | 200 OK [http://localhost/main]
  [4;36;1mSQL (0.2ms)[0m   [0;1mSET NAMES 'utf8'[0m
  [4;35;1mSQL (0.1ms)[0m   [0mSET SQL_AUTO_IS_NULL=0[0m


Processing MainController#index (for 127.0.0.1 at 2010-06-14 19:01:26) [GET]
Rendering template within layouts/main
Rendering main/index
Completed in 15ms (View: 12, DB: 0) | 200 OK [http://localhost/main]
  [4;36;1mSQL (0.1ms)[0m   [0;1mSET NAMES 'utf8'[0m
  [4;35;1mSQL (0.1ms)[0m   [0mSET SQL_AUTO_IS_NULL=0[0m


Processing MainController#index (for 127.0.0.1 at 2010-06-14 19:02:42) [GET]
Rendering template within layouts/main
Rendering main/index
Completed in 7ms (View: 3, DB: 0) | 200 OK [http://localhost/main]
  [4;36;1mSQL (0.1ms)[0m   [0;1mSET NAMES 'utf8'[0m
  [4;35;1mSQL (0.1ms)[0m   [0mSET SQL_AUTO_IS_NULL=0[0m


Processing MainController#index (for 127.0.0.1 at 2010-06-14 19:03:08) [GET]
Rendering template within layouts/main
Rendering main/index
Completed in 6ms (View: 3, DB: 0) | 200 OK [http://localhost/main]
  [4;36;1mSQL (0.1ms)[0m   [0;1mSET NAMES 'utf8'[0m
  [4;35;1mSQL (0.1ms)[0m   [0mSET SQL_AUTO_IS_NULL=0[0m


Processing MainController#index (for 127.0.0.1 at 2010-06-14 19:04:03) [GET]
Rendering template within layouts/main
Rendering main/index
Completed in 6ms (View: 3, DB: 0) | 200 OK [http://localhost/main]
  [4;36;1mSQL (0.1ms)[0m   [0;1mSET NAMES 'utf8'[0m
  [4;35;1mSQL (0.1ms)[0m   [0mSET SQL_AUTO_IS_NULL=0[0m


Processing MainController#index (for 127.0.0.1 at 2010-06-14 19:04:05) [GET]
Rendering template within layouts/main
Rendering main/index
Completed in 6ms (View: 3, DB: 0) | 200 OK [http://localhost/main]
  [4;36;1mSQL (0.1ms)[0m   [0;1mSET NAMES 'utf8'[0m
  [4;35;1mSQL (0.1ms)[0m   [0mSET SQL_AUTO_IS_NULL=0[0m


Processing MainController#index (for 127.0.0.1 at 2010-06-14 19:04:06) [GET]
Rendering template within layouts/main
Rendering main/index
Completed in 6ms (View: 3, DB: 0) | 200 OK [http://localhost/main]
  [4;36;1mSQL (0.1ms)[0m   [0;1mSET NAMES 'utf8'[0m
  [4;35;1mSQL (0.1ms)[0m   [0mSET SQL_AUTO_IS_NULL=0[0m


Processing MainController#index (for 127.0.0.1 at 2010-06-14 19:04:47) [GET]
Rendering template within layouts/main
Rendering main/index
Completed in 56ms (View: 9, DB: 0) | 200 OK [http://localhost/main]
  [4;36;1mSQL (0.1ms)[0m   [0;1mSET NAMES 'utf8'[0m
  [4;35;1mSQL (0.1ms)[0m   [0mSET SQL_AUTO_IS_NULL=0[0m


Processing MainController#index (for 127.0.0.1 at 2010-06-14 19:04:53) [GET]
Rendering template within layouts/main
Rendering main/index
Completed in 6ms (View: 3, DB: 0) | 200 OK [http://localhost/main]
  [4;36;1mSQL (0.1ms)[0m   [0;1mSET NAMES 'utf8'[0m
  [4;35;1mSQL (0.1ms)[0m   [0mSET SQL_AUTO_IS_NULL=0[0m


Processing MainController#index (for 127.0.0.1 at 2010-06-14 19:04:54) [GET]
Rendering template within layouts/main
Rendering main/index
Completed in 6ms (View: 3, DB: 0) | 200 OK [http://localhost/main]
  [4;36;1mSQL (0.1ms)[0m   [0;1mSET NAMES 'utf8'[0m
  [4;35;1mSQL (0.1ms)[0m   [0mSET SQL_AUTO_IS_NULL=0[0m


Processing MainController#index (for 127.0.0.1 at 2010-06-14 19:06:08) [GET]
Rendering template within layouts/main
Rendering main/index
Completed in 19ms (View: 10, DB: 0) | 200 OK [http://localhost/main]
  [4;36;1mSQL (0.1ms)[0m   [0;1mSET NAMES 'utf8'[0m
  [4;35;1mSQL (0.1ms)[0m   [0mSET SQL_AUTO_IS_NULL=0[0m


Processing MainController#index (for 127.0.0.1 at 2010-06-14 19:09:05) [GET]
Rendering template within layouts/main
Rendering main/index
Completed in 6ms (View: 3, DB: 0) | 200 OK [http://localhost/main]
  [4;36;1mSQL (0.1ms)[0m   [0;1mSET NAMES 'utf8'[0m
  [4;35;1mSQL (0.1ms)[0m   [0mSET SQL_AUTO_IS_NULL=0[0m


Processing MainController#index (for 127.0.0.1 at 2010-06-14 19:09:07) [GET]
Rendering template within layouts/main
Rendering main/index
Completed in 9ms (View: 3, DB: 0) | 200 OK [http://localhost/main]
  [4;36;1mSQL (0.1ms)[0m   [0;1mSET NAMES 'utf8'[0m
  [4;35;1mSQL (0.1ms)[0m   [0mSET SQL_AUTO_IS_NULL=0[0m


Processing MainController#index (for 127.0.0.1 at 2010-06-14 19:09:09) [GET]
Rendering template within layouts/main
Rendering main/index
Completed in 6ms (View: 3, DB: 0) | 200 OK [http://localhost/main]
  [4;36;1mSQL (0.1ms)[0m   [0;1mSET NAMES 'utf8'[0m
  [4;35;1mSQL (0.1ms)[0m   [0mSET SQL_AUTO_IS_NULL=0[0m


Processing MainController#index (for 127.0.0.1 at 2010-06-14 19:09:11) [GET]
Rendering template within layouts/main
Rendering main/index
Completed in 76ms (View: 3, DB: 0) | 200 OK [http://localhost/main]
  [4;36;1mSQL (0.1ms)[0m   [0;1mSET NAMES 'utf8'[0m
  [4;35;1mSQL (0.1ms)[0m   [0mSET SQL_AUTO_IS_NULL=0[0m


Processing MainController#index (for 127.0.0.1 at 2010-06-14 19:09:14) [GET]
Rendering template within layouts/main
Rendering main/index
Completed in 6ms (View: 3, DB: 0) | 200 OK [http://localhost/main]
  [4;36;1mSQL (0.1ms)[0m   [0;1mSET NAMES 'utf8'[0m
  [4;35;1mSQL (0.1ms)[0m   [0mSET SQL_AUTO_IS_NULL=0[0m


Processing MainController#index (for 127.0.0.1 at 2010-06-14 19:10:02) [GET]
Rendering template within layouts/main
Rendering main/index
Completed in 7ms (View: 3, DB: 0) | 200 OK [http://localhost/main]
  [4;36;1mSQL (0.1ms)[0m   [0;1mSET NAMES 'utf8'[0m
  [4;35;1mSQL (0.1ms)[0m   [0mSET SQL_AUTO_IS_NULL=0[0m


Processing MainController#index (for 127.0.0.1 at 2010-06-14 19:10:03) [GET]
Rendering template within layouts/main
Rendering main/index
Completed in 6ms (View: 3, DB: 0) | 200 OK [http://localhost/main]
  [4;36;1mSQL (0.1ms)[0m   [0;1mSET NAMES 'utf8'[0m
  [4;35;1mSQL (0.1ms)[0m   [0mSET SQL_AUTO_IS_NULL=0[0m


Processing MainController#index (for 127.0.0.1 at 2010-06-14 19:10:36) [GET]
Rendering template within layouts/main
Rendering main/index
Completed in 6ms (View: 3, DB: 0) | 200 OK [http://localhost/main]
  [4;36;1mSQL (7.9ms)[0m   [0;1mSET NAMES 'utf8'[0m
  [4;35;1mSQL (30.1ms)[0m   [0mSET SQL_AUTO_IS_NULL=0[0m


Processing MainController#index (for 127.0.0.1 at 2010-06-14 19:20:59) [GET]
Rendering template within layouts/main
Rendering main/index
Completed in 40ms (View: 37, DB: 38) | 200 OK [http://localhost/main]
  [4;36;1mSQL (0.1ms)[0m   [0;1mSET NAMES 'utf8'[0m
  [4;35;1mSQL (0.1ms)[0m   [0mSET SQL_AUTO_IS_NULL=0[0m


Processing MainController#index (for 127.0.0.1 at 2010-06-14 19:42:49) [GET]
Rendering template within layouts/main
Rendering main/index
Completed in 8ms (View: 5, DB: 0) | 200 OK [http://localhost/main]
  [4;36;1mSQL (0.1ms)[0m   [0;1mSET NAMES 'utf8'[0m
  [4;35;1mSQL (0.1ms)[0m   [0mSET SQL_AUTO_IS_NULL=0[0m


Processing MainController#index (for 127.0.0.1 at 2010-06-14 19:43:09) [GET]
Rendering template within layouts/main
Rendering main/index
Completed in 6ms (View: 3, DB: 0) | 200 OK [http://localhost/main]
  [4;36;1mSQL (0.1ms)[0m   [0;1mSET NAMES 'utf8'[0m
  [4;35;1mSQL (0.1ms)[0m   [0mSET SQL_AUTO_IS_NULL=0[0m


Processing MainController#index (for 127.0.0.1 at 2010-06-14 19:43:32) [GET]
Rendering template within layouts/main
Rendering main/index
Completed in 22ms (View: 19, DB: 0) | 200 OK [http://localhost/main]
  [4;36;1mSQL (0.1ms)[0m   [0;1mSET NAMES 'utf8'[0m
  [4;35;1mSQL (0.1ms)[0m   [0mSET SQL_AUTO_IS_NULL=0[0m


Processing MainController#index (for 127.0.0.1 at 2010-06-14 19:43:55) [GET]
Rendering template within layouts/main
Rendering main/index
Completed in 7ms (View: 4, DB: 0) | 200 OK [http://localhost/main]
  [4;36;1mSQL (0.1ms)[0m   [0;1mSET NAMES 'utf8'[0m
  [4;35;1mSQL (0.1ms)[0m   [0mSET SQL_AUTO_IS_NULL=0[0m


Processing MainController#index (for 127.0.0.1 at 2010-06-14 19:44:14) [GET]
Rendering template within layouts/main
Rendering main/index
Completed in 7ms (View: 3, DB: 0) | 200 OK [http://localhost/main]
  [4;36;1mSQL (0.1ms)[0m   [0;1mSET NAMES 'utf8'[0m
  [4;35;1mSQL (0.1ms)[0m   [0mSET SQL_AUTO_IS_NULL=0[0m


Processing MainController#index (for 127.0.0.1 at 2010-06-14 19:44:31) [GET]
Rendering template within layouts/main
Rendering main/index
Completed in 7ms (View: 3, DB: 0) | 200 OK [http://localhost/main]
  [4;36;1mSQL (0.1ms)[0m   [0;1mSET NAMES 'utf8'[0m
  [4;35;1mSQL (0.1ms)[0m   [0mSET SQL_AUTO_IS_NULL=0[0m


Processing MainController#index (for 127.0.0.1 at 2010-06-14 19:44:32) [GET]
Rendering template within layouts/main
Rendering main/index
Completed in 7ms (View: 3, DB: 0) | 200 OK [http://localhost/main]
  [4;36;1mSQL (0.1ms)[0m   [0;1mSET NAMES 'utf8'[0m
  [4;35;1mSQL (0.1ms)[0m   [0mSET SQL_AUTO_IS_NULL=0[0m


Processing MainController#index (for 127.0.0.1 at 2010-06-14 19:44:44) [GET]
Rendering template within layouts/main
Rendering main/index
Completed in 6ms (View: 3, DB: 0) | 200 OK [http://localhost/main]
  [4;36;1mSQL (0.1ms)[0m   [0;1mSET NAMES 'utf8'[0m
  [4;35;1mSQL (0.1ms)[0m   [0mSET SQL_AUTO_IS_NULL=0[0m


Processing MainController#index (for 127.0.0.1 at 2010-06-14 19:44:56) [GET]
Rendering template within layouts/main
Rendering main/index
Completed in 7ms (View: 3, DB: 0) | 200 OK [http://localhost/main]
  [4;36;1mSQL (0.1ms)[0m   [0;1mSET NAMES 'utf8'[0m
  [4;35;1mSQL (0.1ms)[0m   [0mSET SQL_AUTO_IS_NULL=0[0m


Processing MainController#index (for 127.0.0.1 at 2010-06-14 19:45:29) [GET]
Rendering template within layouts/main
Rendering main/index
Completed in 6ms (View: 3, DB: 0) | 200 OK [http://localhost/main]
  [4;36;1mSQL (0.1ms)[0m   [0;1mSET NAMES 'utf8'[0m
  [4;35;1mSQL (0.1ms)[0m   [0mSET SQL_AUTO_IS_NULL=0[0m


Processing MainController#index (for 127.0.0.1 at 2010-06-14 19:46:04) [GET]
Rendering template within layouts/main
Rendering main/index
Completed in 7ms (View: 3, DB: 0) | 200 OK [http://localhost/main]
  [4;36;1mSQL (1.9ms)[0m   [0;1mSET NAMES 'utf8'[0m
  [4;35;1mSQL (11.4ms)[0m   [0mSET SQL_AUTO_IS_NULL=0[0m


Processing MainController#index (for 127.0.0.1 at 2010-06-14 19:46:05) [GET]
Rendering template within layouts/main
Rendering main/index
Completed in 6ms (View: 3, DB: 13) | 200 OK [http://localhost/main]
  [4;36;1mSQL (0.1ms)[0m   [0;1mSET NAMES 'utf8'[0m
  [4;35;1mSQL (0.1ms)[0m   [0mSET SQL_AUTO_IS_NULL=0[0m


Processing MainController#index (for 127.0.0.1 at 2010-06-14 19:46:23) [GET]
Rendering template within layouts/main
Rendering main/index
Completed in 6ms (View: 3, DB: 0) | 200 OK [http://localhost/main]
  [4;36;1mSQL (14.7ms)[0m   [0;1mSET NAMES 'utf8'[0m
  [4;35;1mSQL (0.1ms)[0m   [0mSET SQL_AUTO_IS_NULL=0[0m


Processing MainController#index (for 127.0.0.1 at 2010-06-14 19:46:25) [GET]
Rendering template within layouts/main
Rendering main/index
Completed in 8ms (View: 4, DB: 15) | 200 OK [http://localhost/main]
  [4;36;1mSQL (0.1ms)[0m   [0;1mSET NAMES 'utf8'[0m
  [4;35;1mSQL (0.1ms)[0m   [0mSET SQL_AUTO_IS_NULL=0[0m


Processing MainController#index (for 127.0.0.1 at 2010-06-14 19:46:41) [GET]
Rendering template within layouts/main
Rendering main/index
Completed in 6ms (View: 3, DB: 0) | 200 OK [http://localhost/main]
  [4;36;1mSQL (0.1ms)[0m   [0;1mSET NAMES 'utf8'[0m
  [4;35;1mSQL (0.1ms)[0m   [0mSET SQL_AUTO_IS_NULL=0[0m


Processing MainController#index (for 127.0.0.1 at 2010-06-14 19:46:52) [GET]
Rendering template within layouts/main
Rendering main/index
Completed in 7ms (View: 4, DB: 0) | 200 OK [http://localhost/main]
  [4;36;1mSQL (0.1ms)[0m   [0;1mSET NAMES 'utf8'[0m
  [4;35;1mSQL (0.1ms)[0m   [0mSET SQL_AUTO_IS_NULL=0[0m


Processing MainController#index (for 127.0.0.1 at 2010-06-14 19:47:06) [GET]
Rendering template within layouts/main
Rendering main/index
Completed in 7ms (View: 3, DB: 0) | 200 OK [http://localhost/main]
  [4;36;1mSQL (0.1ms)[0m   [0;1mSET NAMES 'utf8'[0m
  [4;35;1mSQL (0.1ms)[0m   [0mSET SQL_AUTO_IS_NULL=0[0m


Processing MainController#index (for 127.0.0.1 at 2010-06-14 19:47:07) [GET]
Rendering template within layouts/main
Rendering main/index
Completed in 6ms (View: 3, DB: 0) | 200 OK [http://localhost/main]
  [4;36;1mSQL (0.1ms)[0m   [0;1mSET NAMES 'utf8'[0m
  [4;35;1mSQL (0.1ms)[0m   [0mSET SQL_AUTO_IS_NULL=0[0m


Processing MainController#index (for 127.0.0.1 at 2010-06-14 19:47:16) [GET]
Rendering template within layouts/main
Rendering main/index
Completed in 7ms (View: 4, DB: 0) | 200 OK [http://localhost/main]
  [4;36;1mSQL (0.1ms)[0m   [0;1mSET NAMES 'utf8'[0m
  [4;35;1mSQL (0.1ms)[0m   [0mSET SQL_AUTO_IS_NULL=0[0m


Processing MainController#index (for 127.0.0.1 at 2010-06-14 19:47:17) [GET]
Rendering template within layouts/main
Rendering main/index
Completed in 6ms (View: 3, DB: 0) | 200 OK [http://localhost/main]
  [4;36;1mSQL (0.1ms)[0m   [0;1mSET NAMES 'utf8'[0m
  [4;35;1mSQL (0.1ms)[0m   [0mSET SQL_AUTO_IS_NULL=0[0m


Processing MainController#index (for 127.0.0.1 at 2010-06-14 19:47:25) [GET]
Rendering template within layouts/main
Rendering main/index
Completed in 6ms (View: 3, DB: 0) | 200 OK [http://localhost/main]
  [4;36;1mSQL (0.1ms)[0m   [0;1mSET NAMES 'utf8'[0m
  [4;35;1mSQL (0.1ms)[0m   [0mSET SQL_AUTO_IS_NULL=0[0m


Processing MainController#index (for 127.0.0.1 at 2010-06-14 19:47:26) [GET]
Rendering template within layouts/main
Rendering main/index
Completed in 7ms (View: 3, DB: 0) | 200 OK [http://localhost/main]
  [4;36;1mSQL (0.1ms)[0m   [0;1mSET NAMES 'utf8'[0m
  [4;35;1mSQL (0.1ms)[0m   [0mSET SQL_AUTO_IS_NULL=0[0m


Processing MainController#index (for 127.0.0.1 at 2010-06-14 19:47:36) [GET]
Rendering template within layouts/main
Rendering main/index
Completed in 7ms (View: 3, DB: 0) | 200 OK [http://localhost/main]
  [4;36;1mSQL (0.1ms)[0m   [0;1mSET NAMES 'utf8'[0m
  [4;35;1mSQL (0.1ms)[0m   [0mSET SQL_AUTO_IS_NULL=0[0m


Processing MainController#index (for 127.0.0.1 at 2010-06-14 19:47:45) [GET]
Rendering template within layouts/main
Rendering main/index
Completed in 6ms (View: 3, DB: 0) | 200 OK [http://localhost/main]
  [4;36;1mSQL (0.1ms)[0m   [0;1mSET NAMES 'utf8'[0m
  [4;35;1mSQL (0.1ms)[0m   [0mSET SQL_AUTO_IS_NULL=0[0m


Processing MainController#index (for 127.0.0.1 at 2010-06-14 19:47:56) [GET]
Rendering template within layouts/main
Rendering main/index
Completed in 8ms (View: 4, DB: 0) | 200 OK [http://localhost/main]
  [4;36;1mSQL (0.1ms)[0m   [0;1mSET NAMES 'utf8'[0m
  [4;35;1mSQL (0.1ms)[0m   [0mSET SQL_AUTO_IS_NULL=0[0m


Processing MainController#index (for 127.0.0.1 at 2010-06-14 19:48:41) [GET]
Rendering template within layouts/main
Rendering main/index
Completed in 7ms (View: 3, DB: 0) | 200 OK [http://localhost/main]
  [4;36;1mSQL (0.1ms)[0m   [0;1mSET NAMES 'utf8'[0m
  [4;35;1mSQL (0.1ms)[0m   [0mSET SQL_AUTO_IS_NULL=0[0m


Processing MainController#index (for 127.0.0.1 at 2010-06-14 19:48:51) [GET]
Rendering template within layouts/main
Rendering main/index
Completed in 6ms (View: 3, DB: 0) | 200 OK [http://localhost/main]
  [4;36;1mSQL (0.1ms)[0m   [0;1mSET NAMES 'utf8'[0m
  [4;35;1mSQL (0.1ms)[0m   [0mSET SQL_AUTO_IS_NULL=0[0m


Processing MainController#index (for 127.0.0.1 at 2010-06-14 19:49:07) [GET]
Rendering template within layouts/main
Rendering main/index
Completed in 7ms (View: 3, DB: 0) | 200 OK [http://localhost/main]
  [4;36;1mSQL (0.1ms)[0m   [0;1mSET NAMES 'utf8'[0m
  [4;35;1mSQL (0.1ms)[0m   [0mSET SQL_AUTO_IS_NULL=0[0m


Processing MainController#index (for 127.0.0.1 at 2010-06-14 19:50:07) [GET]
Rendering template within layouts/main
Rendering main/index
Completed in 7ms (View: 3, DB: 0) | 200 OK [http://localhost/main]
  [4;36;1mSQL (0.1ms)[0m   [0;1mSET NAMES 'utf8'[0m
  [4;35;1mSQL (0.1ms)[0m   [0mSET SQL_AUTO_IS_NULL=0[0m


Processing MainController#index (for 127.0.0.1 at 2010-06-14 19:50:27) [GET]
Rendering template within layouts/main
Rendering main/index
Completed in 7ms (View: 4, DB: 0) | 200 OK [http://localhost/main]
  [4;36;1mSQL (0.1ms)[0m   [0;1mSET NAMES 'utf8'[0m
  [4;35;1mSQL (0.1ms)[0m   [0mSET SQL_AUTO_IS_NULL=0[0m


Processing MainController#index (for 127.0.0.1 at 2010-06-14 19:50:37) [GET]
Rendering template within layouts/main
Rendering main/index
Completed in 6ms (View: 3, DB: 0) | 200 OK [http://localhost/main]
  [4;36;1mSQL (0.1ms)[0m   [0;1mSET NAMES 'utf8'[0m
  [4;35;1mSQL (0.1ms)[0m   [0mSET SQL_AUTO_IS_NULL=0[0m


Processing MainController#index (for 127.0.0.1 at 2010-06-14 19:50:57) [GET]
Rendering template within layouts/main
Rendering main/index
Completed in 6ms (View: 3, DB: 0) | 200 OK [http://localhost/main]
  [4;36;1mSQL (0.1ms)[0m   [0;1mSET NAMES 'utf8'[0m
  [4;35;1mSQL (0.1ms)[0m   [0mSET SQL_AUTO_IS_NULL=0[0m


Processing MainController#index (for 127.0.0.1 at 2010-06-14 19:51:32) [GET]
Rendering template within layouts/main
Rendering main/index
Completed in 7ms (View: 3, DB: 0) | 200 OK [http://localhost/main]
  [4;36;1mSQL (0.1ms)[0m   [0;1mSET NAMES 'utf8'[0m
  [4;35;1mSQL (0.1ms)[0m   [0mSET SQL_AUTO_IS_NULL=0[0m


Processing MainController#index (for 127.0.0.1 at 2010-06-14 19:51:33) [GET]
Rendering template within layouts/main
Rendering main/index
Completed in 7ms (View: 3, DB: 0) | 200 OK [http://localhost/main]
  [4;36;1mSQL (0.1ms)[0m   [0;1mSET NAMES 'utf8'[0m
  [4;35;1mSQL (0.1ms)[0m   [0mSET SQL_AUTO_IS_NULL=0[0m


Processing MainController#index (for 127.0.0.1 at 2010-06-14 19:51:34) [GET]
Rendering template within layouts/main
Rendering main/index
Completed in 5ms (View: 3, DB: 0) | 200 OK [http://localhost/main]
  [4;36;1mSQL (0.1ms)[0m   [0;1mSET NAMES 'utf8'[0m
  [4;35;1mSQL (0.1ms)[0m   [0mSET SQL_AUTO_IS_NULL=0[0m


Processing MainController#index (for 127.0.0.1 at 2010-06-14 19:52:28) [GET]
Rendering template within layouts/main
Rendering main/index
Completed in 7ms (View: 3, DB: 0) | 200 OK [http://localhost/main]
  [4;36;1mSQL (0.1ms)[0m   [0;1mSET NAMES 'utf8'[0m
  [4;35;1mSQL (0.1ms)[0m   [0mSET SQL_AUTO_IS_NULL=0[0m


Processing MainController#index (for 127.0.0.1 at 2010-06-14 19:54:16) [GET]
Rendering template within layouts/main
Rendering main/index
Completed in 7ms (View: 3, DB: 0) | 200 OK [http://localhost/main]
  [4;36;1mSQL (0.1ms)[0m   [0;1mSET NAMES 'utf8'[0m
  [4;35;1mSQL (0.1ms)[0m   [0mSET SQL_AUTO_IS_NULL=0[0m


Processing MainController#index (for 127.0.0.1 at 2010-06-14 19:54:31) [GET]
Rendering template within layouts/main
Rendering main/index
Completed in 7ms (View: 3, DB: 0) | 200 OK [http://localhost/main]
  [4;36;1mSQL (0.1ms)[0m   [0;1mSET NAMES 'utf8'[0m
  [4;35;1mSQL (0.1ms)[0m   [0mSET SQL_AUTO_IS_NULL=0[0m


Processing MainController#index (for 127.0.0.1 at 2010-06-14 19:54:59) [GET]
Rendering template within layouts/main
Rendering main/index
Completed in 5ms (View: 3, DB: 0) | 200 OK [http://localhost/main]
  [4;36;1mSQL (0.1ms)[0m   [0;1mSET NAMES 'utf8'[0m
  [4;35;1mSQL (0.1ms)[0m   [0mSET SQL_AUTO_IS_NULL=0[0m


Processing MainController#index (for 127.0.0.1 at 2010-06-14 19:55:30) [GET]
Rendering template within layouts/main
Rendering main/index
Completed in 7ms (View: 4, DB: 0) | 200 OK [http://localhost/main]
  [4;36;1mSQL (10.8ms)[0m   [0;1mSET NAMES 'utf8'[0m
  [4;35;1mSQL (0.9ms)[0m   [0mSET SQL_AUTO_IS_NULL=0[0m


Processing MainController#index (for 127.0.0.1 at 2010-06-14 19:55:31) [GET]
Rendering template within layouts/main
Rendering main/index
Completed in 7ms (View: 3, DB: 12) | 200 OK [http://localhost/main]
  [4;36;1mSQL (0.1ms)[0m   [0;1mSET NAMES 'utf8'[0m
  [4;35;1mSQL (0.1ms)[0m   [0mSET SQL_AUTO_IS_NULL=0[0m


Processing MainController#index (for 127.0.0.1 at 2010-06-14 19:55:42) [GET]
Rendering template within layouts/main
Rendering main/index
Completed in 6ms (View: 3, DB: 0) | 200 OK [http://localhost/main]
  [4;36;1mSQL (20.4ms)[0m   [0;1mSET NAMES 'utf8'[0m
  [4;35;1mSQL (0.2ms)[0m   [0mSET SQL_AUTO_IS_NULL=0[0m


Processing MainController#index (for 127.0.0.1 at 2010-06-14 19:55:44) [GET]
Rendering template within layouts/main
Rendering main/index
Completed in 14ms (View: 8, DB: 21) | 200 OK [http://localhost/main]
  [4;36;1mSQL (0.1ms)[0m   [0;1mSET NAMES 'utf8'[0m
  [4;35;1mSQL (0.1ms)[0m   [0mSET SQL_AUTO_IS_NULL=0[0m


Processing MainController#index (for 127.0.0.1 at 2010-06-14 19:56:06) [GET]
Rendering template within layouts/main
Rendering main/index
Completed in 7ms (View: 3, DB: 0) | 200 OK [http://localhost/main]
  [4;36;1mSQL (0.1ms)[0m   [0;1mSET NAMES 'utf8'[0m
  [4;35;1mSQL (0.1ms)[0m   [0mSET SQL_AUTO_IS_NULL=0[0m


Processing MainController#index (for 127.0.0.1 at 2010-06-14 19:56:19) [GET]
Rendering template within layouts/main
Rendering main/index
Completed in 6ms (View: 3, DB: 0) | 200 OK [http://localhost/main]
  [4;36;1mSQL (0.1ms)[0m   [0;1mSET NAMES 'utf8'[0m
  [4;35;1mSQL (0.1ms)[0m   [0mSET SQL_AUTO_IS_NULL=0[0m


Processing MainController#index (for 127.0.0.1 at 2010-06-14 19:56:32) [GET]
Rendering template within layouts/main
Rendering main/index
Completed in 15ms (View: 11, DB: 0) | 200 OK [http://localhost/main]
  [4;36;1mSQL (0.1ms)[0m   [0;1mSET NAMES 'utf8'[0m
  [4;35;1mSQL (0.1ms)[0m   [0mSET SQL_AUTO_IS_NULL=0[0m


Processing MainController#index (for 127.0.0.1 at 2010-06-14 19:56:33) [GET]
Rendering template within layouts/main
Rendering main/index
Completed in 7ms (View: 3, DB: 0) | 200 OK [http://localhost/main]
  [4;36;1mSQL (0.1ms)[0m   [0;1mSET NAMES 'utf8'[0m
  [4;35;1mSQL (0.1ms)[0m   [0mSET SQL_AUTO_IS_NULL=0[0m


Processing MainController#index (for 127.0.0.1 at 2010-06-14 19:56:42) [GET]
Rendering template within layouts/main
Rendering main/index
Completed in 7ms (View: 4, DB: 0) | 200 OK [http://localhost/main]
  [4;36;1mSQL (167.7ms)[0m   [0;1mSET NAMES 'utf8'[0m
  [4;35;1mSQL (45.5ms)[0m   [0mSET SQL_AUTO_IS_NULL=0[0m


Processing MainController#index (for 127.0.0.1 at 2010-06-15 12:53:35) [GET]
Rendering template within layouts/main
Rendering main/index
Completed in 118ms (View: 115, DB: 213) | 200 OK [http://localhost/main]
  [4;36;1mSQL (0.1ms)[0m   [0;1mSET NAMES 'utf8'[0m
  [4;35;1mSQL (0.1ms)[0m   [0mSET SQL_AUTO_IS_NULL=0[0m


Processing MainController#index (for 127.0.0.1 at 2010-06-15 16:32:18) [GET]
Rendering template within layouts/main
Rendering main/index
Completed in 6ms (View: 3, DB: 0) | 200 OK [http://localhost/main]
  [4;36;1mSQL (107.1ms)[0m   [0;1mSET NAMES 'utf8'[0m
  [4;35;1mSQL (33.2ms)[0m   [0mSET SQL_AUTO_IS_NULL=0[0m


Processing MainController#index (for 127.0.0.1 at 2010-06-16 15:59:39) [GET]
Rendering template within layouts/main
Rendering main/index
Completed in 162ms (View: 155, DB: 140) | 200 OK [http://localhost/main]
